<?xml version="1.0" encoding="UTF-8"?>
<robot generator="Robot 6.1.1 (Python 3.12.1 on win32)" generated="20240202 19:03:51.498" rpa="false" schemaversion="4">
<suite id="s1" name="Tasks" source="D:\Qa\Qa_Testes_Automação\LabQA003\tests\tasks">
<suite id="s1-s1" name="Create" source="D:\Qa\Qa_Testes_Automação\LabQA003\tests\tasks\create.robot">
<test id="s1-s1-t1" name="Deve poder Cadastrar um nova tarefa" line="12">
<kw name="Start Session" library="base" type="SETUP">
<kw name="New Browser" library="Browser">
<arg>browser=chromium</arg>
<arg>headless=False</arg>
<tag>BrowserControl</tag>
<tag>Setter</tag>
<doc>Create a new playwright Browser with specified options.</doc>
<msg timestamp="20240202 19:03:53.412" level="INFO">{"browser": "chromium", "headless": false, "chromiumSandbox": false, "devtools": false, "handleSIGHUP": true, "handleSIGINT": true, "handleSIGTERM": true, "slowMo": 0.0, "timeout": 30000.0, "tracesDir": "D:\\Qa\\Qa_Testes_Automa\u00e7\u00e3o\\LabQA003\\logs\\browser\\traces\\ca14390c-e088-45da-bfd1-90c4aaa982aa"}</msg>
<msg timestamp="20240202 19:03:54.449" level="INFO">Successfully created browser with options: {"browser":"chromium","headless":false,"chromiumSandbox":false,"devtools":false,"handleSIGHUP":true,"handleSIGINT":true,"handleSIGTERM":true,"slowMo":0,"timeout":30000,"tracesDir":"D:\\Qa\\Qa_Testes_Automação\\LabQA003\\logs\\browser\\traces\\ca14390c-e088-45da-bfd1-90c4aaa982aa"}</msg>
<status status="PASS" starttime="20240202 19:03:53.412" endtime="20240202 19:03:54.449"/>
</kw>
<kw name="New Page" library="Browser">
<arg>${BASE_URL}</arg>
<tag>BrowserControl</tag>
<tag>Setter</tag>
<doc>Open a new Page.</doc>
<msg timestamp="20240202 19:03:55.995" level="INFO">Successfully initialized new page object and opened url: http://localhost:3000</msg>
<msg timestamp="20240202 19:03:55.995" level="INFO">No context was open. New context was automatically opened when this page is created.</msg>
<status status="PASS" starttime="20240202 19:03:54.449" endtime="20240202 19:03:55.996"/>
</kw>
<status status="PASS" starttime="20240202 19:03:53.412" endtime="20240202 19:03:55.996"/>
</kw>
<kw name="Get fixture" library="base">
<var>${data}</var>
<arg>tasks</arg>
<arg>create</arg>
<kw name="Load Json From File" library="JSONLibrary">
<var>${data}</var>
<arg>${EXECDIR}/resources/fixtures/${file_name}.json</arg>
<arg>encoding=utf-8</arg>
<doc>Load JSON from file.</doc>
<msg timestamp="20240202 19:03:56.000" level="INFO">${data} = {'create': {'user': {'name': 'Steve Jobs', 'email': 'jobs@apple.com', 'password': 'pwd123'}, 'task': {'name': 'Criar uma nova versão do IPod', 'tags': ['ios', 'music', 'IPod']}}}</msg>
<status status="PASS" starttime="20240202 19:03:55.998" endtime="20240202 19:03:56.000"/>
</kw>
<msg timestamp="20240202 19:03:56.000" level="INFO">${data} = {'user': {'name': 'Steve Jobs', 'email': 'jobs@apple.com', 'password': 'pwd123'}, 'task': {'name': 'Criar uma nova versão do IPod', 'tags': ['ios', 'music', 'IPod']}}</msg>
<status status="PASS" starttime="20240202 19:03:55.997" endtime="20240202 19:03:56.000"/>
</kw>
<kw name="Clean user from database" library="database">
<arg>${data}[user][email]</arg>
<status status="PASS" starttime="20240202 19:03:56.008" endtime="20240202 19:03:56.688"/>
</kw>
<kw name="Insert user from database" library="database">
<arg>${data}[user]</arg>
<msg timestamp="20240202 19:03:56.797" level="INFO">{'name': 'Steve Jobs', 'email': 'jobs@apple.com', 'password': 'pwd123'}</msg>
<status status="PASS" starttime="20240202 19:03:56.697" endtime="20240202 19:03:56.798"/>
</kw>
<kw name="Submit login form" library="LoginPage">
<arg>${data}[user]</arg>
<kw name="Fill Text" library="Browser">
<arg>css=input[placeholder$=mail]</arg>
<arg>${user}[email]</arg>
<tag>PageContent</tag>
<tag>Setter</tag>
<doc>Clears and fills the given ``txt`` into the text field found by ``selector``.</doc>
<msg timestamp="20240202 19:03:56.798" level="INFO">Fills the text 'jobs@apple.com' in the given field.</msg>
<status status="PASS" starttime="20240202 19:03:56.798" endtime="20240202 19:03:56.882"/>
</kw>
<kw name="Fill Text" library="Browser">
<arg>css=input[placeholder="Senha"]</arg>
<arg>${user}[password]</arg>
<tag>PageContent</tag>
<tag>Setter</tag>
<doc>Clears and fills the given ``txt`` into the text field found by ``selector``.</doc>
<msg timestamp="20240202 19:03:56.883" level="INFO">Fills the text 'pwd123' in the given field.</msg>
<status status="PASS" starttime="20240202 19:03:56.883" endtime="20240202 19:03:56.922"/>
</kw>
<kw name="Click" library="Browser">
<arg>css=button &gt;&gt; text=Entrar</arg>
<tag>PageContent</tag>
<tag>Setter</tag>
<doc>Simulates mouse click on the element found by ``selector``.</doc>
<status status="PASS" starttime="20240202 19:03:56.922" endtime="20240202 19:03:57.006"/>
</kw>
<status status="PASS" starttime="20240202 19:03:56.798" endtime="20240202 19:03:57.006"/>
</kw>
<kw name="User should be logged in" library="Header">
<arg>${data}[user][name]</arg>
<kw name="Split String" library="String">
<var>@{splited_name}</var>
<arg>${name}</arg>
<doc>Splits the ``string`` using ``separator`` as a delimiter string.</doc>
<msg timestamp="20240202 19:03:57.009" level="INFO">@{splited_name} = [ Steve | Jobs ]</msg>
<status status="PASS" starttime="20240202 19:03:57.008" endtime="20240202 19:03:57.009"/>
</kw>
<kw name="Set Variable" library="BuiltIn">
<var>${element}</var>
<arg>css=header .right small</arg>
<doc>Returns the given values which can then be assigned to a variables.</doc>
<msg timestamp="20240202 19:03:57.010" level="INFO">${element} = css=header .right small</msg>
<status status="PASS" starttime="20240202 19:03:57.009" endtime="20240202 19:03:57.010"/>
</kw>
<kw name="Wait For Elements State" library="Browser">
<arg>${element}</arg>
<arg>visible</arg>
<arg>5</arg>
<tag>PageContent</tag>
<tag>Wait</tag>
<doc>Waits for the element found by ``selector`` to satisfy state option.</doc>
<msg timestamp="20240202 19:03:57.173" level="INFO">Waited for Element with selector css=header .right small at state visible</msg>
<status status="PASS" starttime="20240202 19:03:57.010" endtime="20240202 19:03:57.174"/>
</kw>
<kw name="Get Text" library="Browser">
<arg>${element} &gt;&gt; text=${splited_name}[0]</arg>
<tag>Assertion</tag>
<tag>Getter</tag>
<tag>PageContent</tag>
<doc>Returns text attribute of the element found by ``selector``.</doc>
<msg timestamp="20240202 19:03:57.222" level="INFO">Text: 'Olá, Steve'</msg>
<status status="PASS" starttime="20240202 19:03:57.174" endtime="20240202 19:03:57.222"/>
</kw>
<status status="PASS" starttime="20240202 19:03:57.008" endtime="20240202 19:03:57.222"/>
</kw>
<kw name="Go to task form" library="Header">
<kw name="Click" library="Browser">
<arg>css=.button-add</arg>
<tag>PageContent</tag>
<tag>Setter</tag>
<doc>Simulates mouse click on the element found by ``selector``.</doc>
<status status="PASS" starttime="20240202 19:03:57.222" endtime="20240202 19:03:57.317"/>
</kw>
<status status="PASS" starttime="20240202 19:03:57.222" endtime="20240202 19:03:57.318"/>
</kw>
<kw name="Submit task form" library="TaskCreatePage">
<arg>${data}[task]</arg>
<kw name="Fill Text" library="Browser">
<arg>css=input[placeholder$=tarefa]</arg>
<arg>${task}[name]</arg>
<tag>PageContent</tag>
<tag>Setter</tag>
<doc>Clears and fills the given ``txt`` into the text field found by ``selector``.</doc>
<msg timestamp="20240202 19:03:57.319" level="INFO">Fills the text 'Criar uma nova versão do IPod' in the given field.</msg>
<status status="PASS" starttime="20240202 19:03:57.319" endtime="20240202 19:03:57.352"/>
</kw>
<kw name="Set Variable" library="BuiltIn">
<var>${tags_element}</var>
<arg>css=input[name=tags]</arg>
<doc>Returns the given values which can then be assigned to a variables.</doc>
<msg timestamp="20240202 19:03:57.354" level="INFO">${tags_element} = css=input[name=tags]</msg>
<status status="PASS" starttime="20240202 19:03:57.352" endtime="20240202 19:03:57.354"/>
</kw>
<for flavor="IN">
<var>${tag}</var>
<value>@{task}[tags]</value>
<iter>
<var name="${tag}">ios</var>
<kw name="Fill Text" library="Browser">
<arg>${tags_element}</arg>
<arg>${tag}</arg>
<tag>PageContent</tag>
<tag>Setter</tag>
<doc>Clears and fills the given ``txt`` into the text field found by ``selector``.</doc>
<msg timestamp="20240202 19:03:57.355" level="INFO">Fills the text 'ios' in the given field.</msg>
<status status="PASS" starttime="20240202 19:03:57.355" endtime="20240202 19:03:57.390"/>
</kw>
<kw name="Sleep" library="BuiltIn">
<arg>1</arg>
<doc>Pauses the test executed for the given time.</doc>
<msg timestamp="20240202 19:03:58.390" level="INFO">Slept 1 second</msg>
<status status="PASS" starttime="20240202 19:03:57.390" endtime="20240202 19:03:58.390"/>
</kw>
<kw name="Press Keys" library="Browser">
<arg>${tags_element}</arg>
<arg>Enter</arg>
<tag>PageContent</tag>
<tag>Setter</tag>
<doc>Types the given key combination into element found by ``selector``.</doc>
<status status="PASS" starttime="20240202 19:03:58.390" endtime="20240202 19:03:58.444"/>
</kw>
<status status="PASS" starttime="20240202 19:03:57.355" endtime="20240202 19:03:58.444"/>
</iter>
<iter>
<var name="${tag}">music</var>
<kw name="Fill Text" library="Browser">
<arg>${tags_element}</arg>
<arg>${tag}</arg>
<tag>PageContent</tag>
<tag>Setter</tag>
<doc>Clears and fills the given ``txt`` into the text field found by ``selector``.</doc>
<msg timestamp="20240202 19:03:58.444" level="INFO">Fills the text 'music' in the given field.</msg>
<status status="PASS" starttime="20240202 19:03:58.444" endtime="20240202 19:03:58.469"/>
</kw>
<kw name="Sleep" library="BuiltIn">
<arg>1</arg>
<doc>Pauses the test executed for the given time.</doc>
<msg timestamp="20240202 19:03:59.470" level="INFO">Slept 1 second</msg>
<status status="PASS" starttime="20240202 19:03:58.469" endtime="20240202 19:03:59.470"/>
</kw>
<kw name="Press Keys" library="Browser">
<arg>${tags_element}</arg>
<arg>Enter</arg>
<tag>PageContent</tag>
<tag>Setter</tag>
<doc>Types the given key combination into element found by ``selector``.</doc>
<status status="PASS" starttime="20240202 19:03:59.470" endtime="20240202 19:03:59.494"/>
</kw>
<status status="PASS" starttime="20240202 19:03:58.444" endtime="20240202 19:03:59.495"/>
</iter>
<iter>
<var name="${tag}">IPod</var>
<kw name="Fill Text" library="Browser">
<arg>${tags_element}</arg>
<arg>${tag}</arg>
<tag>PageContent</tag>
<tag>Setter</tag>
<doc>Clears and fills the given ``txt`` into the text field found by ``selector``.</doc>
<msg timestamp="20240202 19:03:59.496" level="INFO">Fills the text 'IPod' in the given field.</msg>
<status status="PASS" starttime="20240202 19:03:59.495" endtime="20240202 19:03:59.527"/>
</kw>
<kw name="Sleep" library="BuiltIn">
<arg>1</arg>
<doc>Pauses the test executed for the given time.</doc>
<msg timestamp="20240202 19:04:00.527" level="INFO">Slept 1 second</msg>
<status status="PASS" starttime="20240202 19:03:59.527" endtime="20240202 19:04:00.527"/>
</kw>
<kw name="Press Keys" library="Browser">
<arg>${tags_element}</arg>
<arg>Enter</arg>
<tag>PageContent</tag>
<tag>Setter</tag>
<doc>Types the given key combination into element found by ``selector``.</doc>
<status status="PASS" starttime="20240202 19:04:00.527" endtime="20240202 19:04:00.548"/>
</kw>
<status status="PASS" starttime="20240202 19:03:59.495" endtime="20240202 19:04:00.548"/>
</iter>
<status status="PASS" starttime="20240202 19:03:57.354" endtime="20240202 19:04:00.548"/>
</for>
<kw name="Click" library="Browser">
<arg>css=button &gt;&gt; text=Cadastrar</arg>
<tag>PageContent</tag>
<tag>Setter</tag>
<doc>Simulates mouse click on the element found by ``selector``.</doc>
<status status="PASS" starttime="20240202 19:04:00.548" endtime="20240202 19:04:00.608"/>
</kw>
<status status="PASS" starttime="20240202 19:03:57.318" endtime="20240202 19:04:00.609"/>
</kw>
<kw name="Task should be registered" library="TasksPage">
<arg>${data}[task][name]</arg>
<kw name="Wait For Elements State" library="Browser">
<arg>css=.task-todo &gt;&gt; text=${task_name}</arg>
<arg>visible</arg>
<arg>5</arg>
<tag>PageContent</tag>
<tag>Wait</tag>
<doc>Waits for the element found by ``selector`` to satisfy state option.</doc>
<msg timestamp="20240202 19:04:00.946" level="INFO">Waited for Element with selector css=.task-todo &gt;&gt; text=Criar uma nova versão do IPod at state visible</msg>
<status status="PASS" starttime="20240202 19:04:00.610" endtime="20240202 19:04:00.946"/>
</kw>
<status status="PASS" starttime="20240202 19:04:00.610" endtime="20240202 19:04:00.946"/>
</kw>
<kw name="Take Screenshot" library="Browser" type="TEARDOWN">
<tag>PageContent</tag>
<doc>Takes a screenshot of the current window or element and saves it to disk.</doc>
<msg timestamp="20240202 19:04:01.242" level="INFO" html="true">&lt;/td&gt;&lt;/tr&gt;&lt;tr&gt;&lt;td colspan="3"&gt;&lt;a href="browser/screenshot/robotframework-browser-screenshot-1.png" target="_blank"&gt;&lt;img src="browser/screenshot/robotframework-browser-screenshot-1.png" width="800px"/&gt;&lt;/a&gt;</msg>
<status status="PASS" starttime="20240202 19:04:00.946" endtime="20240202 19:04:01.242"/>
</kw>
<status status="PASS" starttime="20240202 19:03:53.412" endtime="20240202 19:04:01.242"/>
</test>
<doc>Cenários de cadastros de tarefas</doc>
<status status="PASS" starttime="20240202 19:03:51.530" endtime="20240202 19:04:01.424"/>
</suite>
<status status="PASS" starttime="20240202 19:03:51.498" endtime="20240202 19:04:01.434"/>
</suite>
<statistics>
<total>
<stat pass="1" fail="0" skip="0">All Tests</stat>
</total>
<tag>
</tag>
<suite>
<stat pass="1" fail="0" skip="0" id="s1" name="Tasks">Tasks</stat>
<stat pass="1" fail="0" skip="0" id="s1-s1" name="Create">Tasks.Create</stat>
</suite>
</statistics>
<errors>
</errors>
</robot>
